<?xml version="1.0" encoding="UTF-8"?>
<testsuite xmlns:xsi="http://www.w3.org/2001/XMLSchema-instance" xsi:noNamespaceSchemaLocation="https://maven.apache.org/surefire/maven-surefire-plugin/xsd/surefire-test-report-3.0.xsd" version="3.0" name="math.TranslationMatriceTest" time="0.024" tests="4" errors="0" skipped="0" failures="4">
  <properties>
[...]
</properties>
  <testcase name="TranslateTopTest" classname="math.TranslationMatriceTest" time="0.008">
    <failure type="org.opentest4j.AssertionFailedError"><![CDATA[org.opentest4j.AssertionFailedError: 
expected: <x : 2.0, y : 1.0, z : 1.0, v : 1.0
x : 3.0, y : 2.0, z : 2.0, v : 2.0
x : 4.0, y : 3.0, z : 3.0, v : 3.0
x : 5.0, y : 4.0, z : 4.0, v : 4.0
> but was: <x : 1.1, y : 1.0, z : 1.0, v : 1.0
x : 2.1, y : 2.0, z : 2.0, v : 2.0
x : 3.1, y : 3.0, z : 3.0, v : 3.0
x : 4.1, y : 4.0, z : 4.0, v : 4.0
>
	at math.TranslationMatriceTest.TranslateTopTest(TranslationMatriceTest.java:89)
]]></failure>
  </testcase>
  <testcase name="TranslateDownTest" classname="math.TranslationMatriceTest" time="0.002">
    <failure type="org.opentest4j.AssertionFailedError"><![CDATA[org.opentest4j.AssertionFailedError: 
expected: <x : 0.0, y : 1.0, z : 1.0, v : 1.0
x : 1.0, y : 2.0, z : 2.0, v : 2.0
x : 2.0, y : 3.0, z : 3.0, v : 3.0
x : 3.0, y : 4.0, z : 4.0, v : 4.0
> but was: <x : 0.9, y : 1.0, z : 1.0, v : 1.0
x : 1.9, y : 2.0, z : 2.0, v : 2.0
x : 2.9, y : 3.0, z : 3.0, v : 3.0
x : 3.9, y : 4.0, z : 4.0, v : 4.0
>
	at math.TranslationMatriceTest.TranslateDownTest(TranslationMatriceTest.java:69)
]]></failure>
  </testcase>
  <testcase name="TranslateLeftTest" classname="math.TranslationMatriceTest" time="0.001">
    <failure type="org.opentest4j.AssertionFailedError"><![CDATA[org.opentest4j.AssertionFailedError: 
expected: <x : 1.0, y : 0.0, z : 1.0, v : 1.0
x : 2.0, y : 1.0, z : 2.0, v : 2.0
x : 3.0, y : 2.0, z : 3.0, v : 3.0
x : 4.0, y : 3.0, z : 4.0, v : 4.0
> but was: <x : 1.0, y : 0.9, z : 1.0, v : 1.0
x : 2.0, y : 1.9, z : 2.0, v : 2.0
x : 3.0, y : 2.9, z : 3.0, v : 3.0
x : 4.0, y : 3.9, z : 4.0, v : 4.0
>
	at math.TranslationMatriceTest.TranslateLeftTest(TranslationMatriceTest.java:49)
]]></failure>
  </testcase>
  <testcase name="TranslateRightTest" classname="math.TranslationMatriceTest" time="0.001">
    <failure type="org.opentest4j.AssertionFailedError"><![CDATA[org.opentest4j.AssertionFailedError: 
expected: <x : 1.0, y : 2.0, z : 1.0, v : 1.0
x : 2.0, y : 3.0, z : 2.0, v : 2.0
x : 3.0, y : 4.0, z : 3.0, v : 3.0
x : 4.0, y : 5.0, z : 4.0, v : 4.0
> but was: <x : 1.0, y : 1.1, z : 1.0, v : 1.0
x : 2.0, y : 2.1, z : 2.0, v : 2.0
x : 3.0, y : 3.1, z : 3.0, v : 3.0
x : 4.0, y : 4.1, z : 4.0, v : 4.0
>
	at math.TranslationMatriceTest.TranslateRightTest(TranslationMatriceTest.java:29)
]]></failure>
  </testcase>
</testsuite>