<?xml version="1.0" encoding="UTF-8"?>
<testsuite xmlns:xsi="http://www.w3.org/2001/XMLSchema-instance" xsi:noNamespaceSchemaLocation="https://maven.apache.org/surefire/maven-surefire-plugin/xsd/surefire-test-report-3.0.xsd" version="3.0" name="math.MatriceMultiplicationTest" time="0.024" tests="5" errors="0" skipped="0" failures="0">
  <properties>
[...]
</properties>
  <testcase name="testrotate" classname="math.MatriceMultiplicationTest" time="0.016">
    <system-out><![CDATA[avant
x : 1.0, y : 1.0, z : 1.0, v : 1.0
x : 2.0, y : 2.0, z : 2.0, v : 2.0
x : 3.0, y : 3.0, z : 3.0, v : 3.0
x : 4.0, y : 4.0, z : 4.0, v : 4.0

Premiere rotation
x : 1.0, y : -0.09067053852759588, z : 1.4113039550157562, v : 1.0
x : 2.0, y : -0.18134107705519176, z : 2.8226079100315125, v : 2.0
x : 3.0, y : -0.2720116155827874, z : 4.2339118650472685, v : 3.0
x : 4.0, y : -0.3626821541103835, z : 5.645215820063025, v : 4.0

Deuxieme r
x : 1.0, y : -1.1197425430705201, z : 0.8638151638157112, v : 1.0
x : 2.0, y : -2.2394850861410402, z : 1.7276303276314224, v : 2.0
x : 3.0, y : -3.359227629211561, z : 2.5914454914471334, v : 3.0
x : 4.0, y : -4.4789701722820805, z : 3.455260655262845, v : 4.0

]]></system-out>
  </testcase>
  <testcase name="Difftailletest" classname="math.MatriceMultiplicationTest" time="0.001"/>
  <testcase name="Complexetest" classname="math.MatriceMultiplicationTest" time="0.001"/>
  <testcase name="TwoMulitplytest" classname="math.MatriceMultiplicationTest" time="0.001"/>
  <testcase name="Simpletest" classname="math.MatriceMultiplicationTest" time="0.001"/>
</testsuite>