<?xml version="1.0" encoding="UTF-8"?>
<testsuite xmlns:xsi="http://www.w3.org/2001/XMLSchema-instance" xsi:noNamespaceSchemaLocation="https://maven.apache.org/surefire/maven-surefire-plugin/xsd/surefire-test-report-3.0.xsd" version="3.0" name="graph.FileReaderTest" time="0.13" tests="10" errors="0" skipped="0" failures="0">
  <properties>
[...]
</properties>
  <testcase name="testNbSommets" classname="graph.FileReaderTest" time="0"/>
  <testcase name="testFace1" classname="graph.FileReaderTest" time="0.001"/>
  <testcase name="testFace2" classname="graph.FileReaderTest" time="0.001"/>
  <testcase name="testGraph" classname="graph.FileReaderTest" time="0.001"/>
  <testcase name="testNbFacesEF" classname="graph.FileReaderTest" time="0.001"/>
  <testcase name="testNbSommetsFileReader" classname="graph.FileReaderTest" time="0"/>
  <testcase name="testNbFaces" classname="graph.FileReaderTest" time="0"/>
  <testcase name="testSommet1" classname="graph.FileReaderTest" time="0.001"/>
  <testcase name="testSommet2" classname="graph.FileReaderTest" time="0"/>
  <testcase name="testSizeSommets" classname="graph.FileReaderTest" time="0"/>
</testsuite>